Processing ../dataset/ds2/Founding_of_modern_Singapore_1819.txt
View: Month
+--------------------------+
| month                    |
+--------------------------+
| January:(1572,1579)      |
| February:(2611,2619)     |
+--------------------------+
2 rows in set

View: Year
+----------------------+
| year                 |
+----------------------+
| 1509:(176,180)       |
| 1818:(559,563)       |
| 1819:(1531,1535)     |
| 1819:(1580,1584)     |
| 1819:(2620,2624)     |
| 1869:(2787,2791)     |
+----------------------+
6 rows in set

View: Date
+-------------------------------+--------------------+--------------------------+----------------------+
| date                          | day                | month                    | year                 |
+-------------------------------+--------------------+--------------------------+----------------------+
| 28 January 1819:(1569,1584)   | 28:(1569,1571)     | January:(1572,1579)      | 1819:(1580,1584)     |
| 6 February 1819:(2609,2624)   | 6:(2609,2610)      | February:(2611,2619)     | 1819:(2620,2624)     |
+-------------------------------+--------------------+--------------------------+----------------------+
2 rows in set

