Processing ../dataset/ds2/Post_war_period_1945.txt
View: Month
+-------------------------+
| month                   |
+-------------------------+
| August:(49,55)          |
| September:(413,422)     |
| March:(505,510)         |
| April:(1623,1628)       |
| July:(1771,1775)        |
+-------------------------+
5 rows in set

View: Year
+----------------------+
| year                 |
+----------------------+
| 1945:(56,60)         |
| 1945:(423,427)       |
| 1946:(511,515)       |
| 1947:(901,905)       |
| 1947:(980,984)       |
| 1946:(1629,1633)     |
| 1947:(1776,1780)     |
+----------------------+
7 rows in set

View: Date
+-------------------------------+-------------------+-------------------------+----------------------+
| date                          | day               | month                   | year                 |
+-------------------------------+-------------------+-------------------------+----------------------+
| 15 August 1945:(46,60)        | 15:(46,48)        | August:(49,55)          | 1945:(56,60)         |
| 12 September 1945:(410,427)   | 12:(410,412)      | September:(413,422)     | 1945:(423,427)       |
| 1 April 1946:(1621,1633)      | 1:(1621,1622)     | April:(1623,1628)       | 1946:(1629,1633)     |
+-------------------------------+-------------------+-------------------------+----------------------+
3 rows in set

