Processing ../dataset/ds2/Republic_of_Singapore_1965.txt
View: Month
+--------------------------+
| month                    |
+--------------------------+
| September:(757,766)      |
| October:(831,838)        |
| December:(1033,1041)     |
| August:(1277,1283)       |
+--------------------------+
4 rows in set

View: Year
+----------------------+
| year                 |
+----------------------+
| 1965:(767,771)       |
| 1965:(1042,1046)     |
| 1967:(1284,1288)     |
| 1970:(1339,1343)     |
| 1961:(1400,1404)     |
| 1970:(2094,2098)     |
| 1961:(2608,2612)     |
| 1968:(3015,3019)     |
| 1968:(3234,3238)     |
| 1971:(3296,3300)     |
| 1967:(3476,3480)     |
+----------------------+
11 rows in set

View: Date
+--------------------------------+--------------------+--------------------------+----------------------+
| date                           | day                | month                    | year                 |
+--------------------------------+--------------------+--------------------------+----------------------+
| 21 September 1965:(754,771)    | 21:(754,756)       | September:(757,766)      | 1965:(767,771)       |
| 22 December 1965:(1030,1046)   | 22:(1030,1032)     | December:(1033,1041)     | 1965:(1042,1046)     |
| 8 August 1967:(1275,1288)      | 8:(1275,1276)      | August:(1277,1283)       | 1967:(1284,1288)     |
+--------------------------------+--------------------+--------------------------+----------------------+
3 rows in set

