Processing ../dataset/ds1/Warriors_Hold_Off_Cavs.txt
View: GameScore
+------------------+
| score            |
+------------------+
| 89-83:(171,176)  |
| 28-1:(945,949)   |
| 14-0:(2132,2136) |
+------------------+
3 rows in set

View: Type
+--------------------+
| type               |
+--------------------+
| assists:(278,285)  |
| points:(380,386)   |
| rebounds:(391,399) |
| assists:(410,417)  |
| points:(554,560)   |
| points:(778,784)   |
| points:(1045,1051) |
| points:(1791,1797) |
+--------------------+
8 rows in set

View: Number
+------------------+
| number           |
+------------------+
| 89:(171,173)     |
| 83:(174,176)     |
| 22:(377,379)     |
| 15:(388,390)     |
| 10:(775,777)     |
| 5:(788,789)      |
| 16:(794,796)     |
| 28:(945,947)     |
| 1:(948,949)      |
| 16:(1042,1044)   |
| 8:(1055,1056)    |
| 9:(1061,1062)    |
| 41:(1145,1147)   |
| 31.6:(1385,1389) |
| 10:(1788,1790)   |
| 14:(2132,2134)   |
| 0:(2135,2136)    |
+------------------+
17 rows in set

View: Data
+-----------------------+----------------+--------------------+
| data                  | number         | type               |
+-----------------------+----------------+--------------------+
| 22 points:(377,386)   | 22:(377,379)   | points:(380,386)   |
| 15 rebounds:(388,399) | 15:(388,390)   | rebounds:(391,399) |
| 10 points:(775,784)   | 10:(775,777)   | points:(778,784)   |
| 16 points:(1042,1051) | 16:(1042,1044) | points:(1045,1051) |
| 10 points:(1788,1797) | 10:(1788,1790) | points:(1791,1797) |
+-----------------------+----------------+--------------------+
5 rows in set

View: PlayerData
+--------------------+------------------------+----------------+--------------------+
| firstName          | secondName             | number         | type               |
+--------------------+------------------------+----------------+--------------------+
| Draymond:(358,366) | Green:(367,372)        | 22:(377,379)   | points:(380,386)   |
| Draymond:(358,366) | Green:(367,372)        | 15:(388,390)   | rebounds:(391,399) |
| Shaun:(1021,1026)  | Livingston:(1027,1037) | 16:(1042,1044) | points:(1045,1051) |
+--------------------+------------------------+----------------+--------------------+
3 rows in set

