Processing ../dataset/ds1/Warriors_Silence_the_Jazz.txt
View: GameScore
+--------------------+
| score              |
+--------------------+
| 103-85:(59,65)     |
| 27-1:(286,290)     |
| 9-8:(589,592)      |
| 23-13:(921,926)    |
| 14-7:(1101,1105)   |
| 11-0:(1278,1282)   |
| 9-2:(1401,1404)    |
| 47-38:(1653,1658)  |
| 57-48:(1784,1789)  |
| 65-49:(1951,1956)  |
| 73-58:(2162,2167)  |
| 7-0:(2307,2310)    |
| 77-67:(2353,2358)  |
| 88-76:(2583,2588)  |
| 12-2:(2601,2605)   |
| 103-85:(2833,2839) |
| 27-1:(2930,2934)   |
+--------------------+
17 rows in set

View: Type
+--------------------+
| type               |
+--------------------+
| points:(143,149)   |
| points:(172,178)   |
| assists:(185,192)  |
| points:(220,226)   |
| rebounds:(234,242) |
| points:(687,693)   |
| points:(876,882)   |
| points:(1134,1140) |
| points:(1767,1773) |
| points:(2872,2878) |
+--------------------+
10 rows in set

View: Number
+------------------+
| number           |
+------------------+
| 103:(59,62)      |
| 85:(63,65)       |
| 20:(140,142)     |
| 16:(169,171)     |
| 9:(183,184)      |
| 10:(217,219)     |
| 13:(231,233)     |
| 27:(286,288)     |
| 1:(289,290)      |
| 9:(589,590)      |
| 8:(591,592)      |
| 8:(608,609)      |
| 44:(610,612)     |
| 23:(921,923)     |
| 13:(924,926)     |
| 8:(1082,1083)    |
| 34:(1084,1086)   |
| 14:(1101,1103)   |
| 7:(1104,1105)    |
| 3:(1154,1155)    |
| 26:(1156,1158)   |
| 11:(1278,1280)   |
| 0:(1281,1282)    |
| 9:(1401,1402)    |
| 2:(1403,1404)    |
| 52:(1539,1541)   |
| 47:(1653,1655)   |
| 38:(1656,1658)   |
| 6:(1704,1705)    |
| 32:(1706,1708)   |
| 57:(1784,1786)   |
| 48:(1787,1789)   |
| 65:(1951,1953)   |
| 49:(1954,1956)   |
| 5.9:(2073,2076)  |
| 73:(2162,2164)   |
| 58:(2165,2167)   |
| 17:(2208,2210)   |
| 90:(2221,2223)   |
| 7:(2307,2308)    |
| 0:(2309,2310)    |
| 77:(2353,2355)   |
| 67:(2356,2358)   |
| 9:(2364,2365)    |
| 14:(2366,2368)   |
| 5:(2548,2549)    |
| 35:(2550,2552)   |
| 88:(2583,2585)   |
| 76:(2586,2588)   |
| 12:(2601,2603)   |
| 2:(2604,2605)    |
| 15:(2687,2689)   |
| 2:(2695,2696)    |
| 23:(2697,2699)   |
| 40.8:(2787,2791) |
| 103:(2833,2836)  |
| 85:(2837,2839)   |
| 27:(2930,2932)   |
| 1:(2933,2934)    |
+------------------+
59 rows in set

View: Data
+-----------------------+--------------+--------------------+
| data                  | number       | type               |
+-----------------------+--------------+--------------------+
| 20 points:(140,149)   | 20:(140,142) | points:(143,149)   |
| 16 points:(169,178)   | 16:(169,171) | points:(172,178)   |
| 9 assists:(183,192)   | 9:(183,184)  | assists:(185,192)  |
| 10 points:(217,226)   | 10:(217,219) | points:(220,226)   |
| 13 rebounds:(231,242) | 13:(231,233) | rebounds:(234,242) |
+-----------------------+--------------+--------------------+
5 rows in set

View: PlayerData
+-------------------+--------------------+--------------+--------------------+
| firstName         | secondName         | number       | type               |
+-------------------+--------------------+--------------+--------------------+
| Klay:(122,126)    | Thompson:(127,135) | 20:(140,142) | points:(143,149)   |
| Stephen:(151,158) | Curry:(159,164)    | 16:(169,171) | points:(172,178)   |
| Stephen:(151,158) | Curry:(159,164)    | 9:(183,184)  | assists:(185,192)  |
| Andrew:(200,206)  | Bogut:(207,212)    | 10:(217,219) | points:(220,226)   |
| Andrew:(200,206)  | Bogut:(207,212)    | 13:(231,233) | rebounds:(234,242) |
+-------------------+--------------------+--------------+--------------------+
5 rows in set

