Processing ../dataset/ds1/Warriors_Cavaliers_Preview.txt
View: GameScore
+------------------+
| score            |
+------------------+
| 103-85:(900,906) |
| 27-1:(1128,1132) |
| 19-7:(2726,2730) |
+------------------+
3 rows in set

View: Type
+-----------------------+
| type                  |
+-----------------------+
| points:(984,990)      |
| points:(1013,1019)    |
| assists:(1026,1033)   |
| points:(1061,1067)    |
| rebounds:(1075,1083)  |
| turnovers:(1392,1401) |
| assists:(1648,1655)   |
| turnovers:(1680,1689) |
| turnovers:(1985,1994) |
| turnovers:(2039,2048) |
+-----------------------+
10 rows in set

View: Number
+------------------+
| number           |
+------------------+
| 2:(673,674)      |
| 00:(675,677)     |
| 680:(780,783)    |
| 103:(900,903)    |
| 85:(904,906)     |
| 20:(981,983)     |
| 16:(1010,1012)   |
| 9:(1024,1025)    |
| 10:(1058,1060)   |
| 13:(1072,1074)   |
| 27:(1128,1130)   |
| 1:(1131,1132)    |
| 16.0:(1387,1391) |
| 28.8:(1666,1670) |
| 28:(1915,1917)   |
| 449:(1981,1984)  |
| 448:(2035,2038)  |
| 28:(2069,2071)   |
| 19:(2726,2728)   |
| 7:(2729,2730)    |
| 23:(3156,3158)   |
| 2014:(3160,3164) |
| 1:(3257,3258)    |
+------------------+
23 rows in set

View: Data
+----------------------------+------------------+-----------------------+
| data                       | number           | type                  |
+----------------------------+------------------+-----------------------+
| 20 points:(981,990)        | 20:(981,983)     | points:(984,990)      |
| 16 points:(1010,1019)      | 16:(1010,1012)   | points:(1013,1019)    |
| 9 assists:(1024,1033)      | 9:(1024,1025)    | assists:(1026,1033)   |
| 10 points:(1058,1067)      | 10:(1058,1060)   | points:(1061,1067)    |
| 13 rebounds:(1072,1083)    | 13:(1072,1074)   | rebounds:(1075,1083)  |
| 16.0 turnovers:(1387,1401) | 16.0:(1387,1391) | turnovers:(1392,1401) |
| 449 turnovers:(1981,1994)  | 449:(1981,1984)  | turnovers:(1985,1994) |
| 448 turnovers:(2035,2048)  | 448:(2035,2038)  | turnovers:(2039,2048) |
+----------------------------+------------------+-----------------------+
8 rows in set

View: PlayerData
+--------------------+--------------------+----------------+----------------------+
| firstName          | secondName         | number         | type                 |
+--------------------+--------------------+----------------+----------------------+
| Klay:(963,967)     | Thompson:(968,976) | 20:(981,983)   | points:(984,990)     |
| Stephen:(992,999)  | Curry:(1000,1005)  | 16:(1010,1012) | points:(1013,1019)   |
| Stephen:(992,999)  | Curry:(1000,1005)  | 9:(1024,1025)  | assists:(1026,1033)  |
| Andrew:(1041,1047) | Bogut:(1048,1053)  | 10:(1058,1060) | points:(1061,1067)   |
| Andrew:(1041,1047) | Bogut:(1048,1053)  | 13:(1072,1074) | rebounds:(1075,1083) |
+--------------------+--------------------+----------------+----------------------+
5 rows in set

